<?xml version="1.0" encoding="UTF-8"?>
<!-- Generated by org.testng.reporters.JUnitReportReporter -->
<testsuite skipped="0" hostname="DESKTOP-IKFKP3N" name="MavenProject.MavenAutomation.DemoTest" tests="1" failures="0" timestamp="2021-03-04T10:44:51 IST" time="8.684" errors="0">
  <testcase name="Sample" time="8.684" classname="MavenProject.MavenAutomation.DemoTest"/>
  <system-out/>
</testsuite> <!-- MavenProject.MavenAutomation.DemoTest -->
